10 Nov 2022 13:25:32,905 main - Running test cases on env: null
10 Nov 2022 13:25:32,906 main - browser name is : chrome
10 Nov 2022 13:25:32,936 main - running test on chrome....
10 Nov 2022 13:25:32,936 main - Running tests on chrome -- local
10 Nov 2022 13:25:36,042 main - adding chrome options....
10 Nov 2022 13:26:13,760 main - By locator is : By.xpath: //span[text()='Pre Buying']
10 Nov 2022 13:26:18,346 main - By locator is : By.xpath: //li[text()='Upload Offer']
10 Nov 2022 13:26:18,734 main - By locator is : By.xpath: //li[text()='Upload Offer']
10 Nov 2022 13:26:21,119 main - Couldn't find template in cache for "spark/spark.spa.ftl"("en_IN", UTF-8, parsed); will try to load it.
10 Nov 2022 13:26:21,121 main - TemplateLoader.findTemplateSource("spark/spark.spa_en_IN.ftl"): Not found
10 Nov 2022 13:26:21,123 main - TemplateLoader.findTemplateSource("spark/spark.spa_en.ftl"): Not found
10 Nov 2022 13:26:21,125 main - TemplateLoader.findTemplateSource("spark/spark.spa.ftl"): Found
10 Nov 2022 13:26:21,125 main - Loading template for "spark/spark.spa.ftl"("en_IN", UTF-8, parsed) from "jar:file:/C:/Users/Bavani/.m2/repository/com/aventstack/extentreports/5.0.8/extentreports-5.0.8.jar!/com/aventstack/extentreports/templates/spark/spark.spa.ftl"
10 Nov 2022 13:26:21,263 main - Couldn't find template in cache for "commons/commons-variables.ftl"("en_IN", UTF-8, parsed); will try to load it.
10 Nov 2022 13:26:21,263 main - TemplateLoader.findTemplateSource("commons/commons-variables_en_IN.ftl"): Not found
10 Nov 2022 13:26:21,264 main - TemplateLoader.findTemplateSource("commons/commons-variables_en.ftl"): Not found
10 Nov 2022 13:26:21,264 main - TemplateLoader.findTemplateSource("commons/commons-variables.ftl"): Found
10 Nov 2022 13:26:21,264 main - Loading template for "commons/commons-variables.ftl"("en_IN", UTF-8, parsed) from "jar:file:/C:/Users/Bavani/.m2/repository/com/aventstack/extentreports/5.0.8/extentreports-5.0.8.jar!/com/aventstack/extentreports/templates/commons/commons-variables.ftl"
10 Nov 2022 13:26:21,533 main - Couldn't find template in cache for "commons/commons-macros.ftl"("en_IN", UTF-8, parsed); will try to load it.
10 Nov 2022 13:26:21,534 main - TemplateLoader.findTemplateSource("commons/commons-macros_en_IN.ftl"): Not found
10 Nov 2022 13:26:21,534 main - TemplateLoader.findTemplateSource("commons/commons-macros_en.ftl"): Not found
10 Nov 2022 13:26:21,535 main - TemplateLoader.findTemplateSource("commons/commons-macros.ftl"): Found
10 Nov 2022 13:26:21,535 main - Loading template for "commons/commons-macros.ftl"("en_IN", UTF-8, parsed) from "jar:file:/C:/Users/Bavani/.m2/repository/com/aventstack/extentreports/5.0.8/extentreports-5.0.8.jar!/com/aventstack/extentreports/templates/commons/commons-macros.ftl"
10 Nov 2022 13:26:21,548 main - Couldn't find template in cache for "spark/macros/attributes.ftl"("en_IN", UTF-8, parsed); will try to load it.
10 Nov 2022 13:26:21,548 main - TemplateLoader.findTemplateSource("spark/macros/attributes_en_IN.ftl"): Not found
10 Nov 2022 13:26:21,548 main - TemplateLoader.findTemplateSource("spark/macros/attributes_en.ftl"): Not found
10 Nov 2022 13:26:21,549 main - TemplateLoader.findTemplateSource("spark/macros/attributes.ftl"): Found
10 Nov 2022 13:26:21,549 main - Loading template for "spark/macros/attributes.ftl"("en_IN", UTF-8, parsed) from "jar:file:/C:/Users/Bavani/.m2/repository/com/aventstack/extentreports/5.0.8/extentreports-5.0.8.jar!/com/aventstack/extentreports/templates/spark/macros/attributes.ftl"
10 Nov 2022 13:26:21,551 main - Couldn't find template in cache for "spark/macros/log.ftl"("en_IN", UTF-8, parsed); will try to load it.
10 Nov 2022 13:26:21,551 main - TemplateLoader.findTemplateSource("spark/macros/log_en_IN.ftl"): Not found
10 Nov 2022 13:26:21,552 main - TemplateLoader.findTemplateSource("spark/macros/log_en.ftl"): Not found
10 Nov 2022 13:26:21,552 main - TemplateLoader.findTemplateSource("spark/macros/log.ftl"): Found
10 Nov 2022 13:26:21,552 main - Loading template for "spark/macros/log.ftl"("en_IN", UTF-8, parsed) from "jar:file:/C:/Users/Bavani/.m2/repository/com/aventstack/extentreports/5.0.8/extentreports-5.0.8.jar!/com/aventstack/extentreports/templates/spark/macros/log.ftl"
10 Nov 2022 13:26:21,556 main - Couldn't find template in cache for "spark/macros/recurse_nodes.ftl"("en_IN", UTF-8, parsed); will try to load it.
10 Nov 2022 13:26:21,557 main - TemplateLoader.findTemplateSource("spark/macros/recurse_nodes_en_IN.ftl"): Not found
10 Nov 2022 13:26:21,557 main - TemplateLoader.findTemplateSource("spark/macros/recurse_nodes_en.ftl"): Not found
10 Nov 2022 13:26:21,558 main - TemplateLoader.findTemplateSource("spark/macros/recurse_nodes.ftl"): Found
10 Nov 2022 13:26:21,558 main - Loading template for "spark/macros/recurse_nodes.ftl"("en_IN", UTF-8, parsed) from "jar:file:/C:/Users/Bavani/.m2/repository/com/aventstack/extentreports/5.0.8/extentreports-5.0.8.jar!/com/aventstack/extentreports/templates/spark/macros/recurse_nodes.ftl"
10 Nov 2022 13:26:21,563 main - "spark/macros/log.ftl"("en_IN", UTF-8, parsed) cached copy not yet stale; using cached.
10 Nov 2022 13:26:21,563 main - Couldn't find template in cache for "spark/macros/attr-common.ftl"("en_IN", UTF-8, parsed); will try to load it.
10 Nov 2022 13:26:21,563 main - TemplateLoader.findTemplateSource("spark/macros/attr-common_en_IN.ftl"): Not found
10 Nov 2022 13:26:21,564 main - TemplateLoader.findTemplateSource("spark/macros/attr-common_en.ftl"): Not found
10 Nov 2022 13:26:21,564 main - TemplateLoader.findTemplateSource("spark/macros/attr-common.ftl"): Found
10 Nov 2022 13:26:21,564 main - Loading template for "spark/macros/attr-common.ftl"("en_IN", UTF-8, parsed) from "jar:file:/C:/Users/Bavani/.m2/repository/com/aventstack/extentreports/5.0.8/extentreports-5.0.8.jar!/com/aventstack/extentreports/templates/spark/macros/attr-common.ftl"
10 Nov 2022 13:26:21,570 main - Couldn't find template in cache for "spark/partials/head.ftl"("en_IN", UTF-8, parsed); will try to load it.
10 Nov 2022 13:26:21,571 main - TemplateLoader.findTemplateSource("spark/partials/head_en_IN.ftl"): Not found
10 Nov 2022 13:26:21,571 main - TemplateLoader.findTemplateSource("spark/partials/head_en.ftl"): Not found
10 Nov 2022 13:26:21,572 main - TemplateLoader.findTemplateSource("spark/partials/head.ftl"): Found
10 Nov 2022 13:26:21,572 main - Loading template for "spark/partials/head.ftl"("en_IN", UTF-8, parsed) from "jar:file:/C:/Users/Bavani/.m2/repository/com/aventstack/extentreports/5.0.8/extentreports-5.0.8.jar!/com/aventstack/extentreports/templates/spark/partials/head.ftl"
10 Nov 2022 13:26:21,577 main - Couldn't find template in cache for "commons/commons-inject-css.ftl"("en_IN", UTF-8, parsed); will try to load it.
10 Nov 2022 13:26:21,577 main - TemplateLoader.findTemplateSource("commons/commons-inject-css_en_IN.ftl"): Not found
10 Nov 2022 13:26:21,578 main - TemplateLoader.findTemplateSource("commons/commons-inject-css_en.ftl"): Not found
10 Nov 2022 13:26:21,578 main - TemplateLoader.findTemplateSource("commons/commons-inject-css.ftl"): Found
10 Nov 2022 13:26:21,578 main - Loading template for "commons/commons-inject-css.ftl"("en_IN", UTF-8, parsed) from "jar:file:/C:/Users/Bavani/.m2/repository/com/aventstack/extentreports/5.0.8/extentreports-5.0.8.jar!/com/aventstack/extentreports/templates/commons/commons-inject-css.ftl"
10 Nov 2022 13:26:21,579 main - Couldn't find template in cache for "spark/partials/navbar.ftl"("en_IN", UTF-8, parsed); will try to load it.
10 Nov 2022 13:26:21,580 main - TemplateLoader.findTemplateSource("spark/partials/navbar_en_IN.ftl"): Not found
10 Nov 2022 13:26:21,580 main - TemplateLoader.findTemplateSource("spark/partials/navbar_en.ftl"): Not found
10 Nov 2022 13:26:21,581 main - TemplateLoader.findTemplateSource("spark/partials/navbar.ftl"): Found
10 Nov 2022 13:26:21,581 main - Loading template for "spark/partials/navbar.ftl"("en_IN", UTF-8, parsed) from "jar:file:/C:/Users/Bavani/.m2/repository/com/aventstack/extentreports/5.0.8/extentreports-5.0.8.jar!/com/aventstack/extentreports/templates/spark/partials/navbar.ftl"
10 Nov 2022 13:26:21,594 main - Couldn't find template in cache for "spark/partials/sidenav.ftl"("en_IN", UTF-8, parsed); will try to load it.
10 Nov 2022 13:26:21,594 main - TemplateLoader.findTemplateSource("spark/partials/sidenav_en_IN.ftl"): Not found
10 Nov 2022 13:26:21,595 main - TemplateLoader.findTemplateSource("spark/partials/sidenav_en.ftl"): Not found
10 Nov 2022 13:26:21,595 main - TemplateLoader.findTemplateSource("spark/partials/sidenav.ftl"): Found
10 Nov 2022 13:26:21,595 main - Loading template for "spark/partials/sidenav.ftl"("en_IN", UTF-8, parsed) from "jar:file:/C:/Users/Bavani/.m2/repository/com/aventstack/extentreports/5.0.8/extentreports-5.0.8.jar!/com/aventstack/extentreports/templates/spark/partials/sidenav.ftl"
10 Nov 2022 13:26:21,611 main - Couldn't find template in cache for "spark/partials/test.ftl"("en_IN", UTF-8, parsed); will try to load it.
10 Nov 2022 13:26:21,611 main - TemplateLoader.findTemplateSource("spark/partials/test_en_IN.ftl"): Not found
10 Nov 2022 13:26:21,612 main - TemplateLoader.findTemplateSource("spark/partials/test_en.ftl"): Not found
10 Nov 2022 13:26:21,612 main - TemplateLoader.findTemplateSource("spark/partials/test.ftl"): Found
10 Nov 2022 13:26:21,612 main - Loading template for "spark/partials/test.ftl"("en_IN", UTF-8, parsed) from "jar:file:/C:/Users/Bavani/.m2/repository/com/aventstack/extentreports/5.0.8/extentreports-5.0.8.jar!/com/aventstack/extentreports/templates/spark/partials/test.ftl"
10 Nov 2022 13:26:21,631 main - Couldn't find template in cache for "spark/partials/standard-content.ftl"("en_IN", UTF-8, parsed); will try to load it.
10 Nov 2022 13:26:21,632 main - TemplateLoader.findTemplateSource("spark/partials/standard-content_en_IN.ftl"): Not found
10 Nov 2022 13:26:21,632 main - TemplateLoader.findTemplateSource("spark/partials/standard-content_en.ftl"): Not found
10 Nov 2022 13:26:21,632 main - TemplateLoader.findTemplateSource("spark/partials/standard-content.ftl"): Found
10 Nov 2022 13:26:21,633 main - Loading template for "spark/partials/standard-content.ftl"("en_IN", UTF-8, parsed) from "jar:file:/C:/Users/Bavani/.m2/repository/com/aventstack/extentreports/5.0.8/extentreports-5.0.8.jar!/com/aventstack/extentreports/templates/spark/partials/standard-content.ftl"
10 Nov 2022 13:26:21,646 main - Couldn't find template in cache for "spark/partials/exception.ftl"("en_IN", UTF-8, parsed); will try to load it.
10 Nov 2022 13:26:21,647 main - TemplateLoader.findTemplateSource("spark/partials/exception_en_IN.ftl"): Not found
10 Nov 2022 13:26:21,648 main - TemplateLoader.findTemplateSource("spark/partials/exception_en.ftl"): Not found
10 Nov 2022 13:26:21,648 main - TemplateLoader.findTemplateSource("spark/partials/exception.ftl"): Found
10 Nov 2022 13:26:21,648 main - Loading template for "spark/partials/exception.ftl"("en_IN", UTF-8, parsed) from "jar:file:/C:/Users/Bavani/.m2/repository/com/aventstack/extentreports/5.0.8/extentreports-5.0.8.jar!/com/aventstack/extentreports/templates/spark/partials/exception.ftl"
10 Nov 2022 13:26:21,650 main - Couldn't find template in cache for "spark/partials/category.ftl"("en_IN", UTF-8, parsed); will try to load it.
10 Nov 2022 13:26:21,651 main - TemplateLoader.findTemplateSource("spark/partials/category_en_IN.ftl"): Not found
10 Nov 2022 13:26:21,651 main - TemplateLoader.findTemplateSource("spark/partials/category_en.ftl"): Not found
10 Nov 2022 13:26:21,652 main - TemplateLoader.findTemplateSource("spark/partials/category.ftl"): Found
10 Nov 2022 13:26:21,652 main - Loading template for "spark/partials/category.ftl"("en_IN", UTF-8, parsed) from "jar:file:/C:/Users/Bavani/.m2/repository/com/aventstack/extentreports/5.0.8/extentreports-5.0.8.jar!/com/aventstack/extentreports/templates/spark/partials/category.ftl"
10 Nov 2022 13:26:21,654 main - Couldn't find template in cache for "spark/partials/device.ftl"("en_IN", UTF-8, parsed); will try to load it.
10 Nov 2022 13:26:21,654 main - TemplateLoader.findTemplateSource("spark/partials/device_en_IN.ftl"): Not found
10 Nov 2022 13:26:21,655 main - TemplateLoader.findTemplateSource("spark/partials/device_en.ftl"): Not found
10 Nov 2022 13:26:21,655 main - TemplateLoader.findTemplateSource("spark/partials/device.ftl"): Found
10 Nov 2022 13:26:21,656 main - Loading template for "spark/partials/device.ftl"("en_IN", UTF-8, parsed) from "jar:file:/C:/Users/Bavani/.m2/repository/com/aventstack/extentreports/5.0.8/extentreports-5.0.8.jar!/com/aventstack/extentreports/templates/spark/partials/device.ftl"
10 Nov 2022 13:26:21,657 main - Couldn't find template in cache for "spark/partials/author.ftl"("en_IN", UTF-8, parsed); will try to load it.
10 Nov 2022 13:26:21,657 main - TemplateLoader.findTemplateSource("spark/partials/author_en_IN.ftl"): Not found
10 Nov 2022 13:26:21,658 main - TemplateLoader.findTemplateSource("spark/partials/author_en.ftl"): Not found
10 Nov 2022 13:26:21,658 main - TemplateLoader.findTemplateSource("spark/partials/author.ftl"): Found
10 Nov 2022 13:26:21,658 main - Loading template for "spark/partials/author.ftl"("en_IN", UTF-8, parsed) from "jar:file:/C:/Users/Bavani/.m2/repository/com/aventstack/extentreports/5.0.8/extentreports-5.0.8.jar!/com/aventstack/extentreports/templates/spark/partials/author.ftl"
10 Nov 2022 13:26:21,659 main - Couldn't find template in cache for "spark/partials/log.ftl"("en_IN", UTF-8, parsed); will try to load it.
10 Nov 2022 13:26:21,659 main - TemplateLoader.findTemplateSource("spark/partials/log_en_IN.ftl"): Not found
10 Nov 2022 13:26:21,660 main - TemplateLoader.findTemplateSource("spark/partials/log_en.ftl"): Not found
10 Nov 2022 13:26:21,660 main - TemplateLoader.findTemplateSource("spark/partials/log.ftl"): Found
10 Nov 2022 13:26:21,660 main - Loading template for "spark/partials/log.ftl"("en_IN", UTF-8, parsed) from "jar:file:/C:/Users/Bavani/.m2/repository/com/aventstack/extentreports/5.0.8/extentreports-5.0.8.jar!/com/aventstack/extentreports/templates/spark/partials/log.ftl"
10 Nov 2022 13:26:21,661 main - Couldn't find template in cache for "spark/partials/dashboard.ftl"("en_IN", UTF-8, parsed); will try to load it.
10 Nov 2022 13:26:21,662 main - TemplateLoader.findTemplateSource("spark/partials/dashboard_en_IN.ftl"): Not found
10 Nov 2022 13:26:21,662 main - TemplateLoader.findTemplateSource("spark/partials/dashboard_en.ftl"): Not found
10 Nov 2022 13:26:21,663 main - TemplateLoader.findTemplateSource("spark/partials/dashboard.ftl"): Found
10 Nov 2022 13:26:21,663 main - Loading template for "spark/partials/dashboard.ftl"("en_IN", UTF-8, parsed) from "jar:file:/C:/Users/Bavani/.m2/repository/com/aventstack/extentreports/5.0.8/extentreports-5.0.8.jar!/com/aventstack/extentreports/templates/spark/partials/dashboard.ftl"
10 Nov 2022 13:26:21,718 main - Couldn't find template in cache for "spark/partials/scripts.ftl"("en_IN", UTF-8, parsed); will try to load it.
10 Nov 2022 13:26:21,719 main - TemplateLoader.findTemplateSource("spark/partials/scripts_en_IN.ftl"): Not found
10 Nov 2022 13:26:21,719 main - TemplateLoader.findTemplateSource("spark/partials/scripts_en.ftl"): Not found
10 Nov 2022 13:26:21,719 main - TemplateLoader.findTemplateSource("spark/partials/scripts.ftl"): Found
10 Nov 2022 13:26:21,719 main - Loading template for "spark/partials/scripts.ftl"("en_IN", UTF-8, parsed) from "jar:file:/C:/Users/Bavani/.m2/repository/com/aventstack/extentreports/5.0.8/extentreports-5.0.8.jar!/com/aventstack/extentreports/templates/spark/partials/scripts.ftl"
10 Nov 2022 13:26:21,720 main - Couldn't find template in cache for "commons/commons-inject-js.ftl"("en_IN", UTF-8, parsed); will try to load it.
10 Nov 2022 13:26:21,721 main - TemplateLoader.findTemplateSource("commons/commons-inject-js_en_IN.ftl"): Not found
10 Nov 2022 13:26:21,721 main - TemplateLoader.findTemplateSource("commons/commons-inject-js_en.ftl"): Not found
10 Nov 2022 13:26:21,721 main - TemplateLoader.findTemplateSource("commons/commons-inject-js.ftl"): Found
10 Nov 2022 13:26:21,721 main - Loading template for "commons/commons-inject-js.ftl"("en_IN", UTF-8, parsed) from "jar:file:/C:/Users/Bavani/.m2/repository/com/aventstack/extentreports/5.0.8/extentreports-5.0.8.jar!/com/aventstack/extentreports/templates/commons/commons-inject-js.ftl"
