31 Aug 2022 07:43:32,217 TestNG-tests-4 - Running test cases on env: null
31 Aug 2022 07:43:32,217 TestNG-tests-3 - Running test cases on env: null
31 Aug 2022 07:43:32,218 TestNG-tests-4 - browser name is : chrome
31 Aug 2022 07:43:32,218 TestNG-tests-3 - browser name is : firefox
31 Aug 2022 07:43:32,220 TestNG-tests-4 - running test on chrome....
31 Aug 2022 07:43:32,235 TestNG-tests-4 - adding chrome options....
31 Aug 2022 07:43:32,350 TestNG-tests-1 - Running test cases on env: null
31 Aug 2022 07:43:32,350 TestNG-tests-2 - Running test cases on env: null
31 Aug 2022 07:43:32,351 TestNG-tests-1 - browser name is : chrome
31 Aug 2022 07:43:32,351 TestNG-tests-1 - running test on chrome....
31 Aug 2022 07:43:32,351 TestNG-tests-2 - browser name is : chrome
31 Aug 2022 07:43:32,351 TestNG-tests-2 - running test on chrome....
31 Aug 2022 07:43:32,351 TestNG-tests-1 - adding chrome options....
31 Aug 2022 07:43:32,351 TestNG-tests-2 - adding chrome options....
31 Aug 2022 07:43:38,735 TestNG-tests-4 - By locator is : By.id: input-password
31 Aug 2022 07:43:38,954 TestNG-tests-4 - By locator is : By.xpath: //input[@value='Login']
31 Aug 2022 07:43:39,161 TestNG-tests-2 - By locator is : By.id: input-password
31 Aug 2022 07:43:39,190 TestNG-tests-1 - By locator is : By.id: input-password
31 Aug 2022 07:43:39,432 TestNG-tests-2 - By locator is : By.xpath: //input[@value='Login']
31 Aug 2022 07:43:39,447 TestNG-tests-1 - By locator is : By.xpath: //input[@value='Login']
31 Aug 2022 07:43:40,158 TestNG-tests-1 - Couldn't find template in cache for "spark/spark.spa.ftl"("en_IN", UTF-8, parsed); will try to load it.
31 Aug 2022 07:43:40,159 TestNG-tests-1 - TemplateLoader.findTemplateSource("spark/spark.spa_en_IN.ftl"): Not found
31 Aug 2022 07:43:40,161 TestNG-tests-1 - TemplateLoader.findTemplateSource("spark/spark.spa_en.ftl"): Not found
31 Aug 2022 07:43:40,162 TestNG-tests-1 - TemplateLoader.findTemplateSource("spark/spark.spa.ftl"): Found
31 Aug 2022 07:43:40,162 TestNG-tests-1 - Loading template for "spark/spark.spa.ftl"("en_IN", UTF-8, parsed) from "jar:file:/Users/naveenautomationlabs/.m2/repository/com/aventstack/extentreports/5.0.8/extentreports-5.0.8.jar!/com/aventstack/extentreports/templates/spark/spark.spa.ftl"
31 Aug 2022 07:43:40,262 TestNG-tests-1 - Couldn't find template in cache for "commons/commons-variables.ftl"("en_IN", UTF-8, parsed); will try to load it.
31 Aug 2022 07:43:40,262 TestNG-tests-1 - TemplateLoader.findTemplateSource("commons/commons-variables_en_IN.ftl"): Not found
31 Aug 2022 07:43:40,263 TestNG-tests-1 - TemplateLoader.findTemplateSource("commons/commons-variables_en.ftl"): Not found
31 Aug 2022 07:43:40,263 TestNG-tests-1 - TemplateLoader.findTemplateSource("commons/commons-variables.ftl"): Found
31 Aug 2022 07:43:40,263 TestNG-tests-1 - Loading template for "commons/commons-variables.ftl"("en_IN", UTF-8, parsed) from "jar:file:/Users/naveenautomationlabs/.m2/repository/com/aventstack/extentreports/5.0.8/extentreports-5.0.8.jar!/com/aventstack/extentreports/templates/commons/commons-variables.ftl"
31 Aug 2022 07:43:40,365 TestNG-tests-1 - Couldn't find template in cache for "commons/commons-macros.ftl"("en_IN", UTF-8, parsed); will try to load it.
31 Aug 2022 07:43:40,365 TestNG-tests-1 - TemplateLoader.findTemplateSource("commons/commons-macros_en_IN.ftl"): Not found
31 Aug 2022 07:43:40,365 TestNG-tests-1 - TemplateLoader.findTemplateSource("commons/commons-macros_en.ftl"): Not found
31 Aug 2022 07:43:40,365 TestNG-tests-1 - TemplateLoader.findTemplateSource("commons/commons-macros.ftl"): Found
31 Aug 2022 07:43:40,365 TestNG-tests-1 - Loading template for "commons/commons-macros.ftl"("en_IN", UTF-8, parsed) from "jar:file:/Users/naveenautomationlabs/.m2/repository/com/aventstack/extentreports/5.0.8/extentreports-5.0.8.jar!/com/aventstack/extentreports/templates/commons/commons-macros.ftl"
31 Aug 2022 07:43:40,368 TestNG-tests-1 - Couldn't find template in cache for "spark/macros/attributes.ftl"("en_IN", UTF-8, parsed); will try to load it.
31 Aug 2022 07:43:40,369 TestNG-tests-1 - TemplateLoader.findTemplateSource("spark/macros/attributes_en_IN.ftl"): Not found
31 Aug 2022 07:43:40,369 TestNG-tests-1 - TemplateLoader.findTemplateSource("spark/macros/attributes_en.ftl"): Not found
31 Aug 2022 07:43:40,369 TestNG-tests-1 - TemplateLoader.findTemplateSource("spark/macros/attributes.ftl"): Found
31 Aug 2022 07:43:40,369 TestNG-tests-1 - Loading template for "spark/macros/attributes.ftl"("en_IN", UTF-8, parsed) from "jar:file:/Users/naveenautomationlabs/.m2/repository/com/aventstack/extentreports/5.0.8/extentreports-5.0.8.jar!/com/aventstack/extentreports/templates/spark/macros/attributes.ftl"
31 Aug 2022 07:43:40,370 TestNG-tests-1 - Couldn't find template in cache for "spark/macros/log.ftl"("en_IN", UTF-8, parsed); will try to load it.
31 Aug 2022 07:43:40,370 TestNG-tests-1 - TemplateLoader.findTemplateSource("spark/macros/log_en_IN.ftl"): Not found
31 Aug 2022 07:43:40,370 TestNG-tests-1 - TemplateLoader.findTemplateSource("spark/macros/log_en.ftl"): Not found
31 Aug 2022 07:43:40,370 TestNG-tests-1 - TemplateLoader.findTemplateSource("spark/macros/log.ftl"): Found
31 Aug 2022 07:43:40,370 TestNG-tests-1 - Loading template for "spark/macros/log.ftl"("en_IN", UTF-8, parsed) from "jar:file:/Users/naveenautomationlabs/.m2/repository/com/aventstack/extentreports/5.0.8/extentreports-5.0.8.jar!/com/aventstack/extentreports/templates/spark/macros/log.ftl"
31 Aug 2022 07:43:40,371 TestNG-tests-1 - Couldn't find template in cache for "spark/macros/recurse_nodes.ftl"("en_IN", UTF-8, parsed); will try to load it.
31 Aug 2022 07:43:40,371 TestNG-tests-1 - TemplateLoader.findTemplateSource("spark/macros/recurse_nodes_en_IN.ftl"): Not found
31 Aug 2022 07:43:40,371 TestNG-tests-1 - TemplateLoader.findTemplateSource("spark/macros/recurse_nodes_en.ftl"): Not found
31 Aug 2022 07:43:40,371 TestNG-tests-1 - TemplateLoader.findTemplateSource("spark/macros/recurse_nodes.ftl"): Found
31 Aug 2022 07:43:40,371 TestNG-tests-1 - Loading template for "spark/macros/recurse_nodes.ftl"("en_IN", UTF-8, parsed) from "jar:file:/Users/naveenautomationlabs/.m2/repository/com/aventstack/extentreports/5.0.8/extentreports-5.0.8.jar!/com/aventstack/extentreports/templates/spark/macros/recurse_nodes.ftl"
31 Aug 2022 07:43:40,373 TestNG-tests-1 - "spark/macros/log.ftl"("en_IN", UTF-8, parsed) cached copy not yet stale; using cached.
31 Aug 2022 07:43:40,373 TestNG-tests-1 - Couldn't find template in cache for "spark/macros/attr-common.ftl"("en_IN", UTF-8, parsed); will try to load it.
31 Aug 2022 07:43:40,373 TestNG-tests-1 - TemplateLoader.findTemplateSource("spark/macros/attr-common_en_IN.ftl"): Not found
31 Aug 2022 07:43:40,373 TestNG-tests-1 - TemplateLoader.findTemplateSource("spark/macros/attr-common_en.ftl"): Not found
31 Aug 2022 07:43:40,373 TestNG-tests-1 - TemplateLoader.findTemplateSource("spark/macros/attr-common.ftl"): Found
31 Aug 2022 07:43:40,373 TestNG-tests-1 - Loading template for "spark/macros/attr-common.ftl"("en_IN", UTF-8, parsed) from "jar:file:/Users/naveenautomationlabs/.m2/repository/com/aventstack/extentreports/5.0.8/extentreports-5.0.8.jar!/com/aventstack/extentreports/templates/spark/macros/attr-common.ftl"
31 Aug 2022 07:43:40,378 TestNG-tests-1 - Couldn't find template in cache for "spark/partials/head.ftl"("en_IN", UTF-8, parsed); will try to load it.
31 Aug 2022 07:43:40,378 TestNG-tests-1 - TemplateLoader.findTemplateSource("spark/partials/head_en_IN.ftl"): Not found
31 Aug 2022 07:43:40,378 TestNG-tests-1 - TemplateLoader.findTemplateSource("spark/partials/head_en.ftl"): Not found
31 Aug 2022 07:43:40,378 TestNG-tests-1 - TemplateLoader.findTemplateSource("spark/partials/head.ftl"): Found
31 Aug 2022 07:43:40,378 TestNG-tests-1 - Loading template for "spark/partials/head.ftl"("en_IN", UTF-8, parsed) from "jar:file:/Users/naveenautomationlabs/.m2/repository/com/aventstack/extentreports/5.0.8/extentreports-5.0.8.jar!/com/aventstack/extentreports/templates/spark/partials/head.ftl"
31 Aug 2022 07:43:40,380 TestNG-tests-1 - Couldn't find template in cache for "commons/commons-inject-css.ftl"("en_IN", UTF-8, parsed); will try to load it.
31 Aug 2022 07:43:40,380 TestNG-tests-1 - TemplateLoader.findTemplateSource("commons/commons-inject-css_en_IN.ftl"): Not found
31 Aug 2022 07:43:40,380 TestNG-tests-1 - TemplateLoader.findTemplateSource("commons/commons-inject-css_en.ftl"): Not found
31 Aug 2022 07:43:40,380 TestNG-tests-1 - TemplateLoader.findTemplateSource("commons/commons-inject-css.ftl"): Found
31 Aug 2022 07:43:40,380 TestNG-tests-1 - Loading template for "commons/commons-inject-css.ftl"("en_IN", UTF-8, parsed) from "jar:file:/Users/naveenautomationlabs/.m2/repository/com/aventstack/extentreports/5.0.8/extentreports-5.0.8.jar!/com/aventstack/extentreports/templates/commons/commons-inject-css.ftl"
31 Aug 2022 07:43:40,381 TestNG-tests-1 - Couldn't find template in cache for "spark/partials/navbar.ftl"("en_IN", UTF-8, parsed); will try to load it.
31 Aug 2022 07:43:40,381 TestNG-tests-1 - TemplateLoader.findTemplateSource("spark/partials/navbar_en_IN.ftl"): Not found
31 Aug 2022 07:43:40,381 TestNG-tests-1 - TemplateLoader.findTemplateSource("spark/partials/navbar_en.ftl"): Not found
31 Aug 2022 07:43:40,381 TestNG-tests-1 - TemplateLoader.findTemplateSource("spark/partials/navbar.ftl"): Found
31 Aug 2022 07:43:40,381 TestNG-tests-1 - Loading template for "spark/partials/navbar.ftl"("en_IN", UTF-8, parsed) from "jar:file:/Users/naveenautomationlabs/.m2/repository/com/aventstack/extentreports/5.0.8/extentreports-5.0.8.jar!/com/aventstack/extentreports/templates/spark/partials/navbar.ftl"
31 Aug 2022 07:43:40,385 TestNG-tests-1 - Couldn't find template in cache for "spark/partials/sidenav.ftl"("en_IN", UTF-8, parsed); will try to load it.
31 Aug 2022 07:43:40,385 TestNG-tests-1 - TemplateLoader.findTemplateSource("spark/partials/sidenav_en_IN.ftl"): Not found
31 Aug 2022 07:43:40,385 TestNG-tests-1 - TemplateLoader.findTemplateSource("spark/partials/sidenav_en.ftl"): Not found
31 Aug 2022 07:43:40,385 TestNG-tests-1 - TemplateLoader.findTemplateSource("spark/partials/sidenav.ftl"): Found
31 Aug 2022 07:43:40,385 TestNG-tests-1 - Loading template for "spark/partials/sidenav.ftl"("en_IN", UTF-8, parsed) from "jar:file:/Users/naveenautomationlabs/.m2/repository/com/aventstack/extentreports/5.0.8/extentreports-5.0.8.jar!/com/aventstack/extentreports/templates/spark/partials/sidenav.ftl"
31 Aug 2022 07:43:40,394 TestNG-tests-1 - Couldn't find template in cache for "spark/partials/test.ftl"("en_IN", UTF-8, parsed); will try to load it.
31 Aug 2022 07:43:40,394 TestNG-tests-1 - TemplateLoader.findTemplateSource("spark/partials/test_en_IN.ftl"): Not found
31 Aug 2022 07:43:40,394 TestNG-tests-1 - TemplateLoader.findTemplateSource("spark/partials/test_en.ftl"): Not found
31 Aug 2022 07:43:40,394 TestNG-tests-1 - TemplateLoader.findTemplateSource("spark/partials/test.ftl"): Found
31 Aug 2022 07:43:40,394 TestNG-tests-1 - Loading template for "spark/partials/test.ftl"("en_IN", UTF-8, parsed) from "jar:file:/Users/naveenautomationlabs/.m2/repository/com/aventstack/extentreports/5.0.8/extentreports-5.0.8.jar!/com/aventstack/extentreports/templates/spark/partials/test.ftl"
31 Aug 2022 07:43:40,405 TestNG-tests-1 - Couldn't find template in cache for "spark/partials/standard-content.ftl"("en_IN", UTF-8, parsed); will try to load it.
31 Aug 2022 07:43:40,405 TestNG-tests-1 - TemplateLoader.findTemplateSource("spark/partials/standard-content_en_IN.ftl"): Not found
31 Aug 2022 07:43:40,405 TestNG-tests-1 - TemplateLoader.findTemplateSource("spark/partials/standard-content_en.ftl"): Not found
31 Aug 2022 07:43:40,405 TestNG-tests-1 - TemplateLoader.findTemplateSource("spark/partials/standard-content.ftl"): Found
31 Aug 2022 07:43:40,406 TestNG-tests-1 - Loading template for "spark/partials/standard-content.ftl"("en_IN", UTF-8, parsed) from "jar:file:/Users/naveenautomationlabs/.m2/repository/com/aventstack/extentreports/5.0.8/extentreports-5.0.8.jar!/com/aventstack/extentreports/templates/spark/partials/standard-content.ftl"
31 Aug 2022 07:43:40,408 TestNG-tests-1 - "spark/partials/standard-content.ftl"("en_IN", UTF-8, parsed) cached copy not yet stale; using cached.
31 Aug 2022 07:43:40,409 TestNG-tests-1 - "spark/partials/standard-content.ftl"("en_IN", UTF-8, parsed) cached copy not yet stale; using cached.
31 Aug 2022 07:43:40,410 TestNG-tests-1 - "spark/partials/standard-content.ftl"("en_IN", UTF-8, parsed) cached copy not yet stale; using cached.
31 Aug 2022 07:43:40,411 TestNG-tests-1 - "spark/partials/standard-content.ftl"("en_IN", UTF-8, parsed) cached copy not yet stale; using cached.
31 Aug 2022 07:43:40,412 TestNG-tests-1 - "spark/partials/standard-content.ftl"("en_IN", UTF-8, parsed) cached copy not yet stale; using cached.
31 Aug 2022 07:43:40,412 TestNG-tests-1 - "spark/partials/standard-content.ftl"("en_IN", UTF-8, parsed) cached copy not yet stale; using cached.
31 Aug 2022 07:43:40,414 TestNG-tests-1 - "spark/partials/standard-content.ftl"("en_IN", UTF-8, parsed) cached copy not yet stale; using cached.
31 Aug 2022 07:43:40,414 TestNG-tests-1 - "spark/partials/standard-content.ftl"("en_IN", UTF-8, parsed) cached copy not yet stale; using cached.
31 Aug 2022 07:43:40,415 TestNG-tests-1 - Couldn't find template in cache for "spark/partials/exception.ftl"("en_IN", UTF-8, parsed); will try to load it.
31 Aug 2022 07:43:40,415 TestNG-tests-1 - TemplateLoader.findTemplateSource("spark/partials/exception_en_IN.ftl"): Not found
31 Aug 2022 07:43:40,415 TestNG-tests-1 - TemplateLoader.findTemplateSource("spark/partials/exception_en.ftl"): Not found
31 Aug 2022 07:43:40,415 TestNG-tests-1 - TemplateLoader.findTemplateSource("spark/partials/exception.ftl"): Found
31 Aug 2022 07:43:40,415 TestNG-tests-1 - Loading template for "spark/partials/exception.ftl"("en_IN", UTF-8, parsed) from "jar:file:/Users/naveenautomationlabs/.m2/repository/com/aventstack/extentreports/5.0.8/extentreports-5.0.8.jar!/com/aventstack/extentreports/templates/spark/partials/exception.ftl"
31 Aug 2022 07:43:40,416 TestNG-tests-1 - Couldn't find template in cache for "spark/partials/category.ftl"("en_IN", UTF-8, parsed); will try to load it.
31 Aug 2022 07:43:40,416 TestNG-tests-1 - TemplateLoader.findTemplateSource("spark/partials/category_en_IN.ftl"): Not found
31 Aug 2022 07:43:40,416 TestNG-tests-1 - TemplateLoader.findTemplateSource("spark/partials/category_en.ftl"): Not found
31 Aug 2022 07:43:40,416 TestNG-tests-1 - TemplateLoader.findTemplateSource("spark/partials/category.ftl"): Found
31 Aug 2022 07:43:40,416 TestNG-tests-1 - Loading template for "spark/partials/category.ftl"("en_IN", UTF-8, parsed) from "jar:file:/Users/naveenautomationlabs/.m2/repository/com/aventstack/extentreports/5.0.8/extentreports-5.0.8.jar!/com/aventstack/extentreports/templates/spark/partials/category.ftl"
31 Aug 2022 07:43:40,419 TestNG-tests-1 - Couldn't find template in cache for "spark/partials/device.ftl"("en_IN", UTF-8, parsed); will try to load it.
31 Aug 2022 07:43:40,419 TestNG-tests-1 - TemplateLoader.findTemplateSource("spark/partials/device_en_IN.ftl"): Not found
31 Aug 2022 07:43:40,419 TestNG-tests-1 - TemplateLoader.findTemplateSource("spark/partials/device_en.ftl"): Not found
31 Aug 2022 07:43:40,419 TestNG-tests-1 - TemplateLoader.findTemplateSource("spark/partials/device.ftl"): Found
31 Aug 2022 07:43:40,419 TestNG-tests-1 - Loading template for "spark/partials/device.ftl"("en_IN", UTF-8, parsed) from "jar:file:/Users/naveenautomationlabs/.m2/repository/com/aventstack/extentreports/5.0.8/extentreports-5.0.8.jar!/com/aventstack/extentreports/templates/spark/partials/device.ftl"
31 Aug 2022 07:43:40,420 TestNG-tests-1 - Couldn't find template in cache for "spark/partials/author.ftl"("en_IN", UTF-8, parsed); will try to load it.
31 Aug 2022 07:43:40,420 TestNG-tests-1 - TemplateLoader.findTemplateSource("spark/partials/author_en_IN.ftl"): Not found
31 Aug 2022 07:43:40,420 TestNG-tests-1 - TemplateLoader.findTemplateSource("spark/partials/author_en.ftl"): Not found
31 Aug 2022 07:43:40,420 TestNG-tests-1 - TemplateLoader.findTemplateSource("spark/partials/author.ftl"): Found
31 Aug 2022 07:43:40,420 TestNG-tests-1 - Loading template for "spark/partials/author.ftl"("en_IN", UTF-8, parsed) from "jar:file:/Users/naveenautomationlabs/.m2/repository/com/aventstack/extentreports/5.0.8/extentreports-5.0.8.jar!/com/aventstack/extentreports/templates/spark/partials/author.ftl"
31 Aug 2022 07:43:40,420 TestNG-tests-1 - Couldn't find template in cache for "spark/partials/log.ftl"("en_IN", UTF-8, parsed); will try to load it.
31 Aug 2022 07:43:40,420 TestNG-tests-1 - TemplateLoader.findTemplateSource("spark/partials/log_en_IN.ftl"): Not found
31 Aug 2022 07:43:40,420 TestNG-tests-1 - TemplateLoader.findTemplateSource("spark/partials/log_en.ftl"): Not found
31 Aug 2022 07:43:40,421 TestNG-tests-1 - TemplateLoader.findTemplateSource("spark/partials/log.ftl"): Found
31 Aug 2022 07:43:40,421 TestNG-tests-1 - Loading template for "spark/partials/log.ftl"("en_IN", UTF-8, parsed) from "jar:file:/Users/naveenautomationlabs/.m2/repository/com/aventstack/extentreports/5.0.8/extentreports-5.0.8.jar!/com/aventstack/extentreports/templates/spark/partials/log.ftl"
31 Aug 2022 07:43:40,421 TestNG-tests-1 - Couldn't find template in cache for "spark/partials/dashboard.ftl"("en_IN", UTF-8, parsed); will try to load it.
31 Aug 2022 07:43:40,421 TestNG-tests-1 - TemplateLoader.findTemplateSource("spark/partials/dashboard_en_IN.ftl"): Not found
31 Aug 2022 07:43:40,421 TestNG-tests-1 - TemplateLoader.findTemplateSource("spark/partials/dashboard_en.ftl"): Not found
31 Aug 2022 07:43:40,421 TestNG-tests-1 - TemplateLoader.findTemplateSource("spark/partials/dashboard.ftl"): Found
31 Aug 2022 07:43:40,421 TestNG-tests-1 - Loading template for "spark/partials/dashboard.ftl"("en_IN", UTF-8, parsed) from "jar:file:/Users/naveenautomationlabs/.m2/repository/com/aventstack/extentreports/5.0.8/extentreports-5.0.8.jar!/com/aventstack/extentreports/templates/spark/partials/dashboard.ftl"
31 Aug 2022 07:43:40,442 TestNG-tests-1 - Couldn't find template in cache for "spark/partials/scripts.ftl"("en_IN", UTF-8, parsed); will try to load it.
31 Aug 2022 07:43:40,442 TestNG-tests-1 - TemplateLoader.findTemplateSource("spark/partials/scripts_en_IN.ftl"): Not found
31 Aug 2022 07:43:40,442 TestNG-tests-1 - TemplateLoader.findTemplateSource("spark/partials/scripts_en.ftl"): Not found
31 Aug 2022 07:43:40,442 TestNG-tests-1 - TemplateLoader.findTemplateSource("spark/partials/scripts.ftl"): Found
31 Aug 2022 07:43:40,442 TestNG-tests-1 - Loading template for "spark/partials/scripts.ftl"("en_IN", UTF-8, parsed) from "jar:file:/Users/naveenautomationlabs/.m2/repository/com/aventstack/extentreports/5.0.8/extentreports-5.0.8.jar!/com/aventstack/extentreports/templates/spark/partials/scripts.ftl"
31 Aug 2022 07:43:40,443 TestNG-tests-1 - Couldn't find template in cache for "commons/commons-inject-js.ftl"("en_IN", UTF-8, parsed); will try to load it.
31 Aug 2022 07:43:40,443 TestNG-tests-1 - TemplateLoader.findTemplateSource("commons/commons-inject-js_en_IN.ftl"): Not found
31 Aug 2022 07:43:40,443 TestNG-tests-1 - TemplateLoader.findTemplateSource("commons/commons-inject-js_en.ftl"): Not found
31 Aug 2022 07:43:40,443 TestNG-tests-1 - TemplateLoader.findTemplateSource("commons/commons-inject-js.ftl"): Found
31 Aug 2022 07:43:40,443 TestNG-tests-1 - Loading template for "commons/commons-inject-js.ftl"("en_IN", UTF-8, parsed) from "jar:file:/Users/naveenautomationlabs/.m2/repository/com/aventstack/extentreports/5.0.8/extentreports-5.0.8.jar!/com/aventstack/extentreports/templates/commons/commons-inject-js.ftl"
31 Aug 2022 07:43:40,446 TestNG-tests-2 - "spark/spark.spa.ftl"("en_IN", UTF-8, parsed) cached copy not yet stale; using cached.
31 Aug 2022 07:43:40,446 TestNG-tests-2 - "commons/commons-variables.ftl"("en_IN", UTF-8, parsed) cached copy not yet stale; using cached.
31 Aug 2022 07:43:40,447 TestNG-tests-2 - "commons/commons-macros.ftl"("en_IN", UTF-8, parsed) cached copy not yet stale; using cached.
31 Aug 2022 07:43:40,447 TestNG-tests-2 - "spark/macros/attributes.ftl"("en_IN", UTF-8, parsed) cached copy not yet stale; using cached.
31 Aug 2022 07:43:40,447 TestNG-tests-2 - "spark/macros/log.ftl"("en_IN", UTF-8, parsed) cached copy not yet stale; using cached.
31 Aug 2022 07:43:40,447 TestNG-tests-2 - "spark/macros/recurse_nodes.ftl"("en_IN", UTF-8, parsed) cached copy not yet stale; using cached.
31 Aug 2022 07:43:40,447 TestNG-tests-2 - "spark/macros/log.ftl"("en_IN", UTF-8, parsed) cached copy not yet stale; using cached.
31 Aug 2022 07:43:40,447 TestNG-tests-2 - "spark/macros/attr-common.ftl"("en_IN", UTF-8, parsed) cached copy not yet stale; using cached.
31 Aug 2022 07:43:40,447 TestNG-tests-2 - "spark/partials/head.ftl"("en_IN", UTF-8, parsed) cached copy not yet stale; using cached.
31 Aug 2022 07:43:40,447 TestNG-tests-2 - "commons/commons-inject-css.ftl"("en_IN", UTF-8, parsed) cached copy not yet stale; using cached.
31 Aug 2022 07:43:40,447 TestNG-tests-2 - "spark/partials/navbar.ftl"("en_IN", UTF-8, parsed) cached copy not yet stale; using cached.
31 Aug 2022 07:43:40,447 TestNG-tests-2 - "spark/partials/sidenav.ftl"("en_IN", UTF-8, parsed) cached copy not yet stale; using cached.
31 Aug 2022 07:43:40,448 TestNG-tests-2 - "spark/partials/test.ftl"("en_IN", UTF-8, parsed) cached copy not yet stale; using cached.
31 Aug 2022 07:43:40,449 TestNG-tests-2 - "spark/partials/standard-content.ftl"("en_IN", UTF-8, parsed) cached copy not yet stale; using cached.
31 Aug 2022 07:43:40,450 TestNG-tests-2 - "spark/partials/standard-content.ftl"("en_IN", UTF-8, parsed) cached copy not yet stale; using cached.
31 Aug 2022 07:43:40,451 TestNG-tests-2 - "spark/partials/standard-content.ftl"("en_IN", UTF-8, parsed) cached copy not yet stale; using cached.
31 Aug 2022 07:43:40,453 TestNG-tests-2 - "spark/partials/standard-content.ftl"("en_IN", UTF-8, parsed) cached copy not yet stale; using cached.
31 Aug 2022 07:43:40,453 TestNG-tests-2 - "spark/partials/standard-content.ftl"("en_IN", UTF-8, parsed) cached copy not yet stale; using cached.
31 Aug 2022 07:43:40,454 TestNG-tests-2 - "spark/partials/standard-content.ftl"("en_IN", UTF-8, parsed) cached copy not yet stale; using cached.
31 Aug 2022 07:43:40,456 TestNG-tests-2 - "spark/partials/standard-content.ftl"("en_IN", UTF-8, parsed) cached copy not yet stale; using cached.
31 Aug 2022 07:43:40,457 TestNG-tests-2 - "spark/partials/standard-content.ftl"("en_IN", UTF-8, parsed) cached copy not yet stale; using cached.
31 Aug 2022 07:43:40,459 TestNG-tests-2 - "spark/partials/standard-content.ftl"("en_IN", UTF-8, parsed) cached copy not yet stale; using cached.
31 Aug 2022 07:43:40,459 TestNG-tests-2 - "spark/partials/exception.ftl"("en_IN", UTF-8, parsed) cached copy not yet stale; using cached.
31 Aug 2022 07:43:40,459 TestNG-tests-2 - "spark/partials/category.ftl"("en_IN", UTF-8, parsed) cached copy not yet stale; using cached.
31 Aug 2022 07:43:40,461 TestNG-tests-2 - "spark/partials/device.ftl"("en_IN", UTF-8, parsed) cached copy not yet stale; using cached.
31 Aug 2022 07:43:40,461 TestNG-tests-2 - "spark/partials/author.ftl"("en_IN", UTF-8, parsed) cached copy not yet stale; using cached.
31 Aug 2022 07:43:40,461 TestNG-tests-2 - "spark/partials/log.ftl"("en_IN", UTF-8, parsed) cached copy not yet stale; using cached.
31 Aug 2022 07:43:40,461 TestNG-tests-2 - "spark/partials/dashboard.ftl"("en_IN", UTF-8, parsed) cached copy not yet stale; using cached.
31 Aug 2022 07:43:40,464 TestNG-tests-2 - "spark/partials/scripts.ftl"("en_IN", UTF-8, parsed) cached copy not yet stale; using cached.
31 Aug 2022 07:43:40,465 TestNG-tests-2 - "commons/commons-inject-js.ftl"("en_IN", UTF-8, parsed) cached copy not yet stale; using cached.
31 Aug 2022 07:43:40,466 TestNG-tests-1 - Running test cases on env: null
31 Aug 2022 07:43:40,466 TestNG-tests-1 - browser name is : chrome
31 Aug 2022 07:43:40,466 TestNG-tests-1 - running test on chrome....
31 Aug 2022 07:43:40,467 TestNG-tests-1 - adding chrome options....
31 Aug 2022 07:43:40,467 TestNG-tests-2 - Running test cases on env: null
31 Aug 2022 07:43:40,468 TestNG-tests-2 - browser name is : firefox
31 Aug 2022 07:43:40,772 TestNG-tests-3 - By locator is : By.id: input-password
31 Aug 2022 07:43:40,841 TestNG-tests-4 - "spark/spark.spa.ftl"("en_IN", UTF-8, parsed) cached copy not yet stale; using cached.
31 Aug 2022 07:43:40,842 TestNG-tests-4 - "commons/commons-variables.ftl"("en_IN", UTF-8, parsed) cached copy not yet stale; using cached.
31 Aug 2022 07:43:40,842 TestNG-tests-4 - "commons/commons-macros.ftl"("en_IN", UTF-8, parsed) cached copy not yet stale; using cached.
31 Aug 2022 07:43:40,842 TestNG-tests-4 - "spark/macros/attributes.ftl"("en_IN", UTF-8, parsed) cached copy not yet stale; using cached.
31 Aug 2022 07:43:40,842 TestNG-tests-4 - "spark/macros/log.ftl"("en_IN", UTF-8, parsed) cached copy not yet stale; using cached.
31 Aug 2022 07:43:40,842 TestNG-tests-4 - "spark/macros/recurse_nodes.ftl"("en_IN", UTF-8, parsed) cached copy not yet stale; using cached.
31 Aug 2022 07:43:40,842 TestNG-tests-4 - "spark/macros/log.ftl"("en_IN", UTF-8, parsed) cached copy not yet stale; using cached.
31 Aug 2022 07:43:40,842 TestNG-tests-4 - "spark/macros/attr-common.ftl"("en_IN", UTF-8, parsed) cached copy not yet stale; using cached.
31 Aug 2022 07:43:40,843 TestNG-tests-4 - "spark/partials/head.ftl"("en_IN", UTF-8, parsed) cached copy not yet stale; using cached.
31 Aug 2022 07:43:40,843 TestNG-tests-4 - "commons/commons-inject-css.ftl"("en_IN", UTF-8, parsed) cached copy not yet stale; using cached.
31 Aug 2022 07:43:40,843 TestNG-tests-4 - "spark/partials/navbar.ftl"("en_IN", UTF-8, parsed) cached copy not yet stale; using cached.
31 Aug 2022 07:43:40,843 TestNG-tests-4 - "spark/partials/sidenav.ftl"("en_IN", UTF-8, parsed) cached copy not yet stale; using cached.
31 Aug 2022 07:43:40,844 TestNG-tests-4 - "spark/partials/test.ftl"("en_IN", UTF-8, parsed) cached copy not yet stale; using cached.
31 Aug 2022 07:43:40,846 TestNG-tests-4 - "spark/partials/standard-content.ftl"("en_IN", UTF-8, parsed) cached copy not yet stale; using cached.
31 Aug 2022 07:43:40,846 TestNG-tests-4 - "spark/partials/standard-content.ftl"("en_IN", UTF-8, parsed) cached copy not yet stale; using cached.
31 Aug 2022 07:43:40,847 TestNG-tests-4 - "spark/partials/standard-content.ftl"("en_IN", UTF-8, parsed) cached copy not yet stale; using cached.
31 Aug 2022 07:43:40,847 TestNG-tests-4 - "spark/partials/standard-content.ftl"("en_IN", UTF-8, parsed) cached copy not yet stale; using cached.
31 Aug 2022 07:43:40,848 TestNG-tests-4 - "spark/partials/standard-content.ftl"("en_IN", UTF-8, parsed) cached copy not yet stale; using cached.
31 Aug 2022 07:43:40,849 TestNG-tests-4 - "spark/partials/standard-content.ftl"("en_IN", UTF-8, parsed) cached copy not yet stale; using cached.
31 Aug 2022 07:43:40,851 TestNG-tests-4 - "spark/partials/standard-content.ftl"("en_IN", UTF-8, parsed) cached copy not yet stale; using cached.
31 Aug 2022 07:43:40,852 TestNG-tests-4 - "spark/partials/standard-content.ftl"("en_IN", UTF-8, parsed) cached copy not yet stale; using cached.
31 Aug 2022 07:43:40,853 TestNG-tests-4 - "spark/partials/standard-content.ftl"("en_IN", UTF-8, parsed) cached copy not yet stale; using cached.
31 Aug 2022 07:43:40,854 TestNG-tests-4 - "spark/partials/standard-content.ftl"("en_IN", UTF-8, parsed) cached copy not yet stale; using cached.
31 Aug 2022 07:43:40,854 TestNG-tests-4 - "spark/partials/standard-content.ftl"("en_IN", UTF-8, parsed) cached copy not yet stale; using cached.
31 Aug 2022 07:43:40,854 TestNG-tests-4 - "spark/partials/exception.ftl"("en_IN", UTF-8, parsed) cached copy not yet stale; using cached.
31 Aug 2022 07:43:40,854 TestNG-tests-4 - "spark/partials/category.ftl"("en_IN", UTF-8, parsed) cached copy not yet stale; using cached.
31 Aug 2022 07:43:40,856 TestNG-tests-4 - "spark/partials/device.ftl"("en_IN", UTF-8, parsed) cached copy not yet stale; using cached.
31 Aug 2022 07:43:40,856 TestNG-tests-4 - "spark/partials/author.ftl"("en_IN", UTF-8, parsed) cached copy not yet stale; using cached.
31 Aug 2022 07:43:40,856 TestNG-tests-4 - "spark/partials/log.ftl"("en_IN", UTF-8, parsed) cached copy not yet stale; using cached.
31 Aug 2022 07:43:40,856 TestNG-tests-4 - "spark/partials/dashboard.ftl"("en_IN", UTF-8, parsed) cached copy not yet stale; using cached.
31 Aug 2022 07:43:40,858 TestNG-tests-4 - "spark/partials/scripts.ftl"("en_IN", UTF-8, parsed) cached copy not yet stale; using cached.
31 Aug 2022 07:43:40,858 TestNG-tests-4 - "commons/commons-inject-js.ftl"("en_IN", UTF-8, parsed) cached copy not yet stale; using cached.
31 Aug 2022 07:43:40,893 TestNG-tests-3 - By locator is : By.xpath: //input[@value='Login']
31 Aug 2022 07:43:42,613 TestNG-tests-3 - "spark/spark.spa.ftl"("en_IN", UTF-8, parsed) cached copy not yet stale; using cached.
31 Aug 2022 07:43:42,613 TestNG-tests-3 - "commons/commons-variables.ftl"("en_IN", UTF-8, parsed) cached copy not yet stale; using cached.
31 Aug 2022 07:43:42,614 TestNG-tests-3 - "commons/commons-macros.ftl"("en_IN", UTF-8, parsed) cached copy not yet stale; using cached.
31 Aug 2022 07:43:42,614 TestNG-tests-3 - "spark/macros/attributes.ftl"("en_IN", UTF-8, parsed) cached copy not yet stale; using cached.
31 Aug 2022 07:43:42,614 TestNG-tests-3 - "spark/macros/log.ftl"("en_IN", UTF-8, parsed) cached copy not yet stale; using cached.
31 Aug 2022 07:43:42,614 TestNG-tests-3 - "spark/macros/recurse_nodes.ftl"("en_IN", UTF-8, parsed) cached copy not yet stale; using cached.
31 Aug 2022 07:43:42,614 TestNG-tests-3 - "spark/macros/log.ftl"("en_IN", UTF-8, parsed) cached copy not yet stale; using cached.
31 Aug 2022 07:43:42,614 TestNG-tests-3 - "spark/macros/attr-common.ftl"("en_IN", UTF-8, parsed) cached copy not yet stale; using cached.
31 Aug 2022 07:43:42,614 TestNG-tests-3 - "spark/partials/head.ftl"("en_IN", UTF-8, parsed) cached copy not yet stale; using cached.
31 Aug 2022 07:43:42,614 TestNG-tests-3 - "commons/commons-inject-css.ftl"("en_IN", UTF-8, parsed) cached copy not yet stale; using cached.
31 Aug 2022 07:43:42,614 TestNG-tests-3 - "spark/partials/navbar.ftl"("en_IN", UTF-8, parsed) cached copy not yet stale; using cached.
31 Aug 2022 07:43:42,615 TestNG-tests-3 - "spark/partials/sidenav.ftl"("en_IN", UTF-8, parsed) cached copy not yet stale; using cached.
31 Aug 2022 07:43:42,615 TestNG-tests-3 - "spark/partials/test.ftl"("en_IN", UTF-8, parsed) cached copy not yet stale; using cached.
31 Aug 2022 07:43:42,616 TestNG-tests-3 - "spark/partials/standard-content.ftl"("en_IN", UTF-8, parsed) cached copy not yet stale; using cached.
31 Aug 2022 07:43:42,616 TestNG-tests-3 - "spark/partials/standard-content.ftl"("en_IN", UTF-8, parsed) cached copy not yet stale; using cached.
31 Aug 2022 07:43:42,617 TestNG-tests-3 - "spark/partials/standard-content.ftl"("en_IN", UTF-8, parsed) cached copy not yet stale; using cached.
31 Aug 2022 07:43:42,617 TestNG-tests-3 - "spark/partials/standard-content.ftl"("en_IN", UTF-8, parsed) cached copy not yet stale; using cached.
31 Aug 2022 07:43:42,618 TestNG-tests-3 - "spark/partials/standard-content.ftl"("en_IN", UTF-8, parsed) cached copy not yet stale; using cached.
31 Aug 2022 07:43:42,618 TestNG-tests-3 - "spark/partials/standard-content.ftl"("en_IN", UTF-8, parsed) cached copy not yet stale; using cached.
31 Aug 2022 07:43:42,619 TestNG-tests-3 - "spark/partials/standard-content.ftl"("en_IN", UTF-8, parsed) cached copy not yet stale; using cached.
31 Aug 2022 07:43:42,619 TestNG-tests-3 - "spark/partials/standard-content.ftl"("en_IN", UTF-8, parsed) cached copy not yet stale; using cached.
31 Aug 2022 07:43:42,619 TestNG-tests-3 - "spark/partials/standard-content.ftl"("en_IN", UTF-8, parsed) cached copy not yet stale; using cached.
31 Aug 2022 07:43:42,620 TestNG-tests-3 - "spark/partials/standard-content.ftl"("en_IN", UTF-8, parsed) cached copy not yet stale; using cached.
31 Aug 2022 07:43:42,620 TestNG-tests-3 - "spark/partials/standard-content.ftl"("en_IN", UTF-8, parsed) cached copy not yet stale; using cached.
31 Aug 2022 07:43:42,621 TestNG-tests-3 - "spark/partials/standard-content.ftl"("en_IN", UTF-8, parsed) cached copy not yet stale; using cached.
31 Aug 2022 07:43:42,621 TestNG-tests-3 - "spark/partials/standard-content.ftl"("en_IN", UTF-8, parsed) cached copy not yet stale; using cached.
31 Aug 2022 07:43:42,622 TestNG-tests-3 - "spark/partials/standard-content.ftl"("en_IN", UTF-8, parsed) cached copy not yet stale; using cached.
31 Aug 2022 07:43:42,622 TestNG-tests-3 - "spark/partials/exception.ftl"("en_IN", UTF-8, parsed) cached copy not yet stale; using cached.
31 Aug 2022 07:43:42,622 TestNG-tests-3 - "spark/partials/category.ftl"("en_IN", UTF-8, parsed) cached copy not yet stale; using cached.
31 Aug 2022 07:43:42,624 TestNG-tests-3 - "spark/partials/device.ftl"("en_IN", UTF-8, parsed) cached copy not yet stale; using cached.
31 Aug 2022 07:43:42,624 TestNG-tests-3 - "spark/partials/author.ftl"("en_IN", UTF-8, parsed) cached copy not yet stale; using cached.
31 Aug 2022 07:43:42,624 TestNG-tests-3 - "spark/partials/log.ftl"("en_IN", UTF-8, parsed) cached copy not yet stale; using cached.
31 Aug 2022 07:43:42,624 TestNG-tests-3 - "spark/partials/dashboard.ftl"("en_IN", UTF-8, parsed) cached copy not yet stale; using cached.
31 Aug 2022 07:43:42,626 TestNG-tests-3 - "spark/partials/scripts.ftl"("en_IN", UTF-8, parsed) cached copy not yet stale; using cached.
31 Aug 2022 07:43:42,626 TestNG-tests-3 - "commons/commons-inject-js.ftl"("en_IN", UTF-8, parsed) cached copy not yet stale; using cached.
31 Aug 2022 07:43:44,141 TestNG-tests-1 - By locator is : By.id: input-password
31 Aug 2022 07:43:44,345 TestNG-tests-1 - By locator is : By.xpath: //input[@value='Login']
31 Aug 2022 07:43:45,084 TestNG-tests-1 - By locator is : By.cssSelector: div#search button
31 Aug 2022 07:43:45,579 TestNG-tests-1 - By locator is : By.linkText: MacBook Pro
31 Aug 2022 07:43:46,036 TestNG-tests-2 - By locator is : By.id: input-password
31 Aug 2022 07:43:46,196 TestNG-tests-2 - By locator is : By.xpath: //input[@value='Login']
31 Aug 2022 07:43:46,398 TestNG-tests-1 - By locator is : By.cssSelector: div#content h1
31 Aug 2022 07:43:46,872 TestNG-tests-2 - By locator is : By.cssSelector: div#search button
31 Aug 2022 07:43:47,242 TestNG-tests-2 - By locator is : By.linkText: MacBook Pro
31 Aug 2022 07:43:47,380 TestNG-tests-1 - By locator is : By.cssSelector: div#search button
31 Aug 2022 07:43:47,807 TestNG-tests-1 - By locator is : By.linkText: MacBook Air
31 Aug 2022 07:43:48,264 TestNG-tests-2 - By locator is : By.cssSelector: div#content h1
31 Aug 2022 07:43:48,943 TestNG-tests-2 - By locator is : By.cssSelector: div#search button
31 Aug 2022 07:43:49,161 TestNG-tests-1 - By locator is : By.cssSelector: div#search button
31 Aug 2022 07:43:49,331 TestNG-tests-2 - By locator is : By.linkText: MacBook Air
31 Aug 2022 07:43:49,584 TestNG-tests-1 - By locator is : By.linkText: MacBook Pro
31 Aug 2022 07:43:50,884 TestNG-tests-2 - By locator is : By.cssSelector: div#search button
31 Aug 2022 07:43:50,946 TestNG-tests-1 - By locator is : By.cssSelector: div#search button
31 Aug 2022 07:43:51,297 TestNG-tests-2 - By locator is : By.linkText: MacBook Pro
31 Aug 2022 07:43:51,394 TestNG-tests-1 - By locator is : By.linkText: Samsung SyncMaster 941BW
31 Aug 2022 07:43:52,602 TestNG-tests-1 - By locator is : By.cssSelector: div#search button
31 Aug 2022 07:43:52,714 TestNG-tests-2 - By locator is : By.cssSelector: div#search button
31 Aug 2022 07:43:53,018 TestNG-tests-1 - By locator is : By.linkText: iMac
31 Aug 2022 07:43:53,132 TestNG-tests-2 - By locator is : By.linkText: Samsung SyncMaster 941BW
31 Aug 2022 07:43:54,349 TestNG-tests-2 - By locator is : By.cssSelector: div#search button
31 Aug 2022 07:43:54,723 TestNG-tests-2 - By locator is : By.linkText: iMac
31 Aug 2022 07:43:54,940 TestNG-tests-1 - By locator is : By.cssSelector: div#search button
31 Aug 2022 07:43:55,383 TestNG-tests-1 - By locator is : By.linkText: MacBook Air
31 Aug 2022 07:43:56,014 TestNG-tests-2 - By locator is : By.cssSelector: div#search button
31 Aug 2022 07:43:56,069 TestNG-tests-1 - By locator is : By.cssSelector: div#content h1
31 Aug 2022 07:43:56,379 TestNG-tests-2 - By locator is : By.linkText: MacBook Air
31 Aug 2022 07:43:56,502 TestNG-tests-1 - By locator is : By.cssSelector: div#search button
31 Aug 2022 07:43:56,942 TestNG-tests-1 - By locator is : By.linkText: MacBook Pro
31 Aug 2022 07:43:57,173 TestNG-tests-2 - By locator is : By.cssSelector: div#content h1
31 Aug 2022 07:43:57,520 TestNG-tests-2 - By locator is : By.cssSelector: div#search button
31 Aug 2022 07:43:57,630 TestNG-tests-1 - By locator is : By.cssSelector: div#content h1
31 Aug 2022 07:43:57,948 TestNG-tests-2 - By locator is : By.linkText: MacBook Pro
31 Aug 2022 07:43:58,104 TestNG-tests-1 - By locator is : By.cssSelector: div#search button
31 Aug 2022 07:43:58,546 TestNG-tests-1 - By locator is : By.linkText: Samsung SyncMaster 941BW
31 Aug 2022 07:43:58,809 TestNG-tests-2 - By locator is : By.cssSelector: div#content h1
31 Aug 2022 07:43:59,142 TestNG-tests-2 - By locator is : By.cssSelector: div#search button
31 Aug 2022 07:43:59,266 TestNG-tests-1 - By locator is : By.cssSelector: div#content h1
31 Aug 2022 07:43:59,469 TestNG-tests-1 - TemplateLoader.findTemplateSource("spark/spark.spa_en_IN.ftl"): Not found
31 Aug 2022 07:43:59,469 TestNG-tests-1 - TemplateLoader.findTemplateSource("spark/spark.spa_en.ftl"): Not found
31 Aug 2022 07:43:59,469 TestNG-tests-1 - TemplateLoader.findTemplateSource("spark/spark.spa.ftl"): Found
31 Aug 2022 07:43:59,469 TestNG-tests-1 - "spark/spark.spa.ftl"("en_IN", UTF-8, parsed): using cached since jar:file:/Users/naveenautomationlabs/.m2/repository/com/aventstack/extentreports/5.0.8/extentreports-5.0.8.jar!/com/aventstack/extentreports/templates/spark/spark.spa.ftl hasn't changed.
31 Aug 2022 07:43:59,470 TestNG-tests-1 - TemplateLoader.findTemplateSource("commons/commons-variables_en_IN.ftl"): Not found
31 Aug 2022 07:43:59,470 TestNG-tests-1 - TemplateLoader.findTemplateSource("commons/commons-variables_en.ftl"): Not found
31 Aug 2022 07:43:59,470 TestNG-tests-1 - TemplateLoader.findTemplateSource("commons/commons-variables.ftl"): Found
31 Aug 2022 07:43:59,470 TestNG-tests-1 - "commons/commons-variables.ftl"("en_IN", UTF-8, parsed): using cached since jar:file:/Users/naveenautomationlabs/.m2/repository/com/aventstack/extentreports/5.0.8/extentreports-5.0.8.jar!/com/aventstack/extentreports/templates/commons/commons-variables.ftl hasn't changed.
31 Aug 2022 07:43:59,471 TestNG-tests-1 - TemplateLoader.findTemplateSource("commons/commons-macros_en_IN.ftl"): Not found
31 Aug 2022 07:43:59,471 TestNG-tests-1 - TemplateLoader.findTemplateSource("commons/commons-macros_en.ftl"): Not found
31 Aug 2022 07:43:59,471 TestNG-tests-1 - TemplateLoader.findTemplateSource("commons/commons-macros.ftl"): Found
31 Aug 2022 07:43:59,471 TestNG-tests-1 - "commons/commons-macros.ftl"("en_IN", UTF-8, parsed): using cached since jar:file:/Users/naveenautomationlabs/.m2/repository/com/aventstack/extentreports/5.0.8/extentreports-5.0.8.jar!/com/aventstack/extentreports/templates/commons/commons-macros.ftl hasn't changed.
31 Aug 2022 07:43:59,471 TestNG-tests-1 - TemplateLoader.findTemplateSource("spark/macros/attributes_en_IN.ftl"): Not found
31 Aug 2022 07:43:59,471 TestNG-tests-1 - TemplateLoader.findTemplateSource("spark/macros/attributes_en.ftl"): Not found
31 Aug 2022 07:43:59,472 TestNG-tests-1 - TemplateLoader.findTemplateSource("spark/macros/attributes.ftl"): Found
31 Aug 2022 07:43:59,472 TestNG-tests-1 - "spark/macros/attributes.ftl"("en_IN", UTF-8, parsed): using cached since jar:file:/Users/naveenautomationlabs/.m2/repository/com/aventstack/extentreports/5.0.8/extentreports-5.0.8.jar!/com/aventstack/extentreports/templates/spark/macros/attributes.ftl hasn't changed.
31 Aug 2022 07:43:59,472 TestNG-tests-1 - TemplateLoader.findTemplateSource("spark/macros/log_en_IN.ftl"): Not found
31 Aug 2022 07:43:59,472 TestNG-tests-1 - TemplateLoader.findTemplateSource("spark/macros/log_en.ftl"): Not found
31 Aug 2022 07:43:59,472 TestNG-tests-1 - TemplateLoader.findTemplateSource("spark/macros/log.ftl"): Found
31 Aug 2022 07:43:59,472 TestNG-tests-1 - "spark/macros/log.ftl"("en_IN", UTF-8, parsed): using cached since jar:file:/Users/naveenautomationlabs/.m2/repository/com/aventstack/extentreports/5.0.8/extentreports-5.0.8.jar!/com/aventstack/extentreports/templates/spark/macros/log.ftl hasn't changed.
31 Aug 2022 07:43:59,472 TestNG-tests-1 - TemplateLoader.findTemplateSource("spark/macros/recurse_nodes_en_IN.ftl"): Not found
31 Aug 2022 07:43:59,473 TestNG-tests-1 - TemplateLoader.findTemplateSource("spark/macros/recurse_nodes_en.ftl"): Not found
31 Aug 2022 07:43:59,473 TestNG-tests-1 - TemplateLoader.findTemplateSource("spark/macros/recurse_nodes.ftl"): Found
31 Aug 2022 07:43:59,473 TestNG-tests-1 - "spark/macros/recurse_nodes.ftl"("en_IN", UTF-8, parsed): using cached since jar:file:/Users/naveenautomationlabs/.m2/repository/com/aventstack/extentreports/5.0.8/extentreports-5.0.8.jar!/com/aventstack/extentreports/templates/spark/macros/recurse_nodes.ftl hasn't changed.
31 Aug 2022 07:43:59,473 TestNG-tests-1 - "spark/macros/log.ftl"("en_IN", UTF-8, parsed) cached copy not yet stale; using cached.
31 Aug 2022 07:43:59,473 TestNG-tests-1 - TemplateLoader.findTemplateSource("spark/macros/attr-common_en_IN.ftl"): Not found
31 Aug 2022 07:43:59,473 TestNG-tests-1 - TemplateLoader.findTemplateSource("spark/macros/attr-common_en.ftl"): Not found
31 Aug 2022 07:43:59,473 TestNG-tests-1 - TemplateLoader.findTemplateSource("spark/macros/attr-common.ftl"): Found
31 Aug 2022 07:43:59,473 TestNG-tests-1 - "spark/macros/attr-common.ftl"("en_IN", UTF-8, parsed): using cached since jar:file:/Users/naveenautomationlabs/.m2/repository/com/aventstack/extentreports/5.0.8/extentreports-5.0.8.jar!/com/aventstack/extentreports/templates/spark/macros/attr-common.ftl hasn't changed.
31 Aug 2022 07:43:59,474 TestNG-tests-1 - TemplateLoader.findTemplateSource("spark/partials/head_en_IN.ftl"): Not found
31 Aug 2022 07:43:59,474 TestNG-tests-1 - TemplateLoader.findTemplateSource("spark/partials/head_en.ftl"): Not found
31 Aug 2022 07:43:59,474 TestNG-tests-1 - TemplateLoader.findTemplateSource("spark/partials/head.ftl"): Found
31 Aug 2022 07:43:59,474 TestNG-tests-1 - "spark/partials/head.ftl"("en_IN", UTF-8, parsed): using cached since jar:file:/Users/naveenautomationlabs/.m2/repository/com/aventstack/extentreports/5.0.8/extentreports-5.0.8.jar!/com/aventstack/extentreports/templates/spark/partials/head.ftl hasn't changed.
31 Aug 2022 07:43:59,474 TestNG-tests-1 - TemplateLoader.findTemplateSource("commons/commons-inject-css_en_IN.ftl"): Not found
31 Aug 2022 07:43:59,474 TestNG-tests-1 - TemplateLoader.findTemplateSource("commons/commons-inject-css_en.ftl"): Not found
31 Aug 2022 07:43:59,475 TestNG-tests-1 - TemplateLoader.findTemplateSource("commons/commons-inject-css.ftl"): Found
31 Aug 2022 07:43:59,475 TestNG-tests-1 - "commons/commons-inject-css.ftl"("en_IN", UTF-8, parsed): using cached since jar:file:/Users/naveenautomationlabs/.m2/repository/com/aventstack/extentreports/5.0.8/extentreports-5.0.8.jar!/com/aventstack/extentreports/templates/commons/commons-inject-css.ftl hasn't changed.
31 Aug 2022 07:43:59,475 TestNG-tests-1 - TemplateLoader.findTemplateSource("spark/partials/navbar_en_IN.ftl"): Not found
31 Aug 2022 07:43:59,475 TestNG-tests-1 - TemplateLoader.findTemplateSource("spark/partials/navbar_en.ftl"): Not found
31 Aug 2022 07:43:59,475 TestNG-tests-1 - TemplateLoader.findTemplateSource("spark/partials/navbar.ftl"): Found
31 Aug 2022 07:43:59,475 TestNG-tests-1 - "spark/partials/navbar.ftl"("en_IN", UTF-8, parsed): using cached since jar:file:/Users/naveenautomationlabs/.m2/repository/com/aventstack/extentreports/5.0.8/extentreports-5.0.8.jar!/com/aventstack/extentreports/templates/spark/partials/navbar.ftl hasn't changed.
31 Aug 2022 07:43:59,475 TestNG-tests-1 - TemplateLoader.findTemplateSource("spark/partials/sidenav_en_IN.ftl"): Not found
31 Aug 2022 07:43:59,476 TestNG-tests-1 - TemplateLoader.findTemplateSource("spark/partials/sidenav_en.ftl"): Not found
31 Aug 2022 07:43:59,476 TestNG-tests-1 - TemplateLoader.findTemplateSource("spark/partials/sidenav.ftl"): Found
31 Aug 2022 07:43:59,476 TestNG-tests-1 - "spark/partials/sidenav.ftl"("en_IN", UTF-8, parsed): using cached since jar:file:/Users/naveenautomationlabs/.m2/repository/com/aventstack/extentreports/5.0.8/extentreports-5.0.8.jar!/com/aventstack/extentreports/templates/spark/partials/sidenav.ftl hasn't changed.
31 Aug 2022 07:43:59,477 TestNG-tests-1 - TemplateLoader.findTemplateSource("spark/partials/test_en_IN.ftl"): Not found
31 Aug 2022 07:43:59,477 TestNG-tests-1 - TemplateLoader.findTemplateSource("spark/partials/test_en.ftl"): Not found
31 Aug 2022 07:43:59,477 TestNG-tests-1 - TemplateLoader.findTemplateSource("spark/partials/test.ftl"): Found
31 Aug 2022 07:43:59,477 TestNG-tests-1 - "spark/partials/test.ftl"("en_IN", UTF-8, parsed): using cached since jar:file:/Users/naveenautomationlabs/.m2/repository/com/aventstack/extentreports/5.0.8/extentreports-5.0.8.jar!/com/aventstack/extentreports/templates/spark/partials/test.ftl hasn't changed.
31 Aug 2022 07:43:59,479 TestNG-tests-1 - TemplateLoader.findTemplateSource("spark/partials/standard-content_en_IN.ftl"): Not found
31 Aug 2022 07:43:59,479 TestNG-tests-1 - TemplateLoader.findTemplateSource("spark/partials/standard-content_en.ftl"): Not found
31 Aug 2022 07:43:59,479 TestNG-tests-1 - TemplateLoader.findTemplateSource("spark/partials/standard-content.ftl"): Found
31 Aug 2022 07:43:59,479 TestNG-tests-1 - "spark/partials/standard-content.ftl"("en_IN", UTF-8, parsed): using cached since jar:file:/Users/naveenautomationlabs/.m2/repository/com/aventstack/extentreports/5.0.8/extentreports-5.0.8.jar!/com/aventstack/extentreports/templates/spark/partials/standard-content.ftl hasn't changed.
31 Aug 2022 07:43:59,480 TestNG-tests-1 - "spark/partials/standard-content.ftl"("en_IN", UTF-8, parsed) cached copy not yet stale; using cached.
31 Aug 2022 07:43:59,481 TestNG-tests-1 - "spark/partials/standard-content.ftl"("en_IN", UTF-8, parsed) cached copy not yet stale; using cached.
31 Aug 2022 07:43:59,482 TestNG-tests-1 - "spark/partials/standard-content.ftl"("en_IN", UTF-8, parsed) cached copy not yet stale; using cached.
31 Aug 2022 07:43:59,482 TestNG-tests-1 - "spark/partials/standard-content.ftl"("en_IN", UTF-8, parsed) cached copy not yet stale; using cached.
31 Aug 2022 07:43:59,483 TestNG-tests-1 - "spark/partials/standard-content.ftl"("en_IN", UTF-8, parsed) cached copy not yet stale; using cached.
31 Aug 2022 07:43:59,483 TestNG-tests-1 - "spark/partials/standard-content.ftl"("en_IN", UTF-8, parsed) cached copy not yet stale; using cached.
31 Aug 2022 07:43:59,484 TestNG-tests-1 - "spark/partials/standard-content.ftl"("en_IN", UTF-8, parsed) cached copy not yet stale; using cached.
31 Aug 2022 07:43:59,484 TestNG-tests-1 - "spark/partials/standard-content.ftl"("en_IN", UTF-8, parsed) cached copy not yet stale; using cached.
31 Aug 2022 07:43:59,485 TestNG-tests-1 - "spark/partials/standard-content.ftl"("en_IN", UTF-8, parsed) cached copy not yet stale; using cached.
31 Aug 2022 07:43:59,485 TestNG-tests-1 - "spark/partials/standard-content.ftl"("en_IN", UTF-8, parsed) cached copy not yet stale; using cached.
31 Aug 2022 07:43:59,485 TestNG-tests-1 - "spark/partials/standard-content.ftl"("en_IN", UTF-8, parsed) cached copy not yet stale; using cached.
31 Aug 2022 07:43:59,486 TestNG-tests-1 - "spark/partials/standard-content.ftl"("en_IN", UTF-8, parsed) cached copy not yet stale; using cached.
31 Aug 2022 07:43:59,487 TestNG-tests-1 - "spark/partials/standard-content.ftl"("en_IN", UTF-8, parsed) cached copy not yet stale; using cached.
31 Aug 2022 07:43:59,487 TestNG-tests-1 - "spark/partials/standard-content.ftl"("en_IN", UTF-8, parsed) cached copy not yet stale; using cached.
31 Aug 2022 07:43:59,488 TestNG-tests-1 - "spark/partials/standard-content.ftl"("en_IN", UTF-8, parsed) cached copy not yet stale; using cached.
31 Aug 2022 07:43:59,488 TestNG-tests-1 - "spark/partials/standard-content.ftl"("en_IN", UTF-8, parsed) cached copy not yet stale; using cached.
31 Aug 2022 07:43:59,489 TestNG-tests-1 - "spark/partials/standard-content.ftl"("en_IN", UTF-8, parsed) cached copy not yet stale; using cached.
31 Aug 2022 07:43:59,489 TestNG-tests-1 - "spark/partials/standard-content.ftl"("en_IN", UTF-8, parsed) cached copy not yet stale; using cached.
31 Aug 2022 07:43:59,490 TestNG-tests-1 - "spark/partials/standard-content.ftl"("en_IN", UTF-8, parsed) cached copy not yet stale; using cached.
31 Aug 2022 07:43:59,490 TestNG-tests-1 - "spark/partials/standard-content.ftl"("en_IN", UTF-8, parsed) cached copy not yet stale; using cached.
31 Aug 2022 07:43:59,491 TestNG-tests-1 - "spark/partials/standard-content.ftl"("en_IN", UTF-8, parsed) cached copy not yet stale; using cached.
31 Aug 2022 07:43:59,491 TestNG-tests-1 - "spark/partials/standard-content.ftl"("en_IN", UTF-8, parsed) cached copy not yet stale; using cached.
31 Aug 2022 07:43:59,492 TestNG-tests-1 - "spark/partials/standard-content.ftl"("en_IN", UTF-8, parsed) cached copy not yet stale; using cached.
31 Aug 2022 07:43:59,492 TestNG-tests-1 - "spark/partials/standard-content.ftl"("en_IN", UTF-8, parsed) cached copy not yet stale; using cached.
31 Aug 2022 07:43:59,493 TestNG-tests-1 - "spark/partials/standard-content.ftl"("en_IN", UTF-8, parsed) cached copy not yet stale; using cached.
31 Aug 2022 07:43:59,494 TestNG-tests-1 - "spark/partials/standard-content.ftl"("en_IN", UTF-8, parsed) cached copy not yet stale; using cached.
31 Aug 2022 07:43:59,494 TestNG-tests-1 - "spark/partials/standard-content.ftl"("en_IN", UTF-8, parsed) cached copy not yet stale; using cached.
31 Aug 2022 07:43:59,495 TestNG-tests-1 - "spark/partials/standard-content.ftl"("en_IN", UTF-8, parsed) cached copy not yet stale; using cached.
31 Aug 2022 07:43:59,495 TestNG-tests-1 - "spark/partials/standard-content.ftl"("en_IN", UTF-8, parsed) cached copy not yet stale; using cached.
31 Aug 2022 07:43:59,495 TestNG-tests-1 - TemplateLoader.findTemplateSource("spark/partials/exception_en_IN.ftl"): Not found
31 Aug 2022 07:43:59,495 TestNG-tests-1 - TemplateLoader.findTemplateSource("spark/partials/exception_en.ftl"): Not found
31 Aug 2022 07:43:59,496 TestNG-tests-1 - TemplateLoader.findTemplateSource("spark/partials/exception.ftl"): Found
31 Aug 2022 07:43:59,496 TestNG-tests-1 - "spark/partials/exception.ftl"("en_IN", UTF-8, parsed): using cached since jar:file:/Users/naveenautomationlabs/.m2/repository/com/aventstack/extentreports/5.0.8/extentreports-5.0.8.jar!/com/aventstack/extentreports/templates/spark/partials/exception.ftl hasn't changed.
31 Aug 2022 07:43:59,496 TestNG-tests-1 - TemplateLoader.findTemplateSource("spark/partials/category_en_IN.ftl"): Not found
31 Aug 2022 07:43:59,496 TestNG-tests-1 - TemplateLoader.findTemplateSource("spark/partials/category_en.ftl"): Not found
31 Aug 2022 07:43:59,496 TestNG-tests-1 - TemplateLoader.findTemplateSource("spark/partials/category.ftl"): Found
31 Aug 2022 07:43:59,496 TestNG-tests-1 - "spark/partials/category.ftl"("en_IN", UTF-8, parsed): using cached since jar:file:/Users/naveenautomationlabs/.m2/repository/com/aventstack/extentreports/5.0.8/extentreports-5.0.8.jar!/com/aventstack/extentreports/templates/spark/partials/category.ftl hasn't changed.
31 Aug 2022 07:43:59,499 TestNG-tests-1 - TemplateLoader.findTemplateSource("spark/partials/device_en_IN.ftl"): Not found
31 Aug 2022 07:43:59,499 TestNG-tests-1 - TemplateLoader.findTemplateSource("spark/partials/device_en.ftl"): Not found
31 Aug 2022 07:43:59,499 TestNG-tests-1 - TemplateLoader.findTemplateSource("spark/partials/device.ftl"): Found
31 Aug 2022 07:43:59,500 TestNG-tests-1 - "spark/partials/device.ftl"("en_IN", UTF-8, parsed): using cached since jar:file:/Users/naveenautomationlabs/.m2/repository/com/aventstack/extentreports/5.0.8/extentreports-5.0.8.jar!/com/aventstack/extentreports/templates/spark/partials/device.ftl hasn't changed.
31 Aug 2022 07:43:59,500 TestNG-tests-1 - TemplateLoader.findTemplateSource("spark/partials/author_en_IN.ftl"): Not found
31 Aug 2022 07:43:59,500 TestNG-tests-1 - TemplateLoader.findTemplateSource("spark/partials/author_en.ftl"): Not found
31 Aug 2022 07:43:59,500 TestNG-tests-1 - TemplateLoader.findTemplateSource("spark/partials/author.ftl"): Found
31 Aug 2022 07:43:59,500 TestNG-tests-1 - "spark/partials/author.ftl"("en_IN", UTF-8, parsed): using cached since jar:file:/Users/naveenautomationlabs/.m2/repository/com/aventstack/extentreports/5.0.8/extentreports-5.0.8.jar!/com/aventstack/extentreports/templates/spark/partials/author.ftl hasn't changed.
31 Aug 2022 07:43:59,500 TestNG-tests-1 - TemplateLoader.findTemplateSource("spark/partials/log_en_IN.ftl"): Not found
31 Aug 2022 07:43:59,500 TestNG-tests-1 - TemplateLoader.findTemplateSource("spark/partials/log_en.ftl"): Not found
31 Aug 2022 07:43:59,501 TestNG-tests-1 - TemplateLoader.findTemplateSource("spark/partials/log.ftl"): Found
31 Aug 2022 07:43:59,501 TestNG-tests-1 - "spark/partials/log.ftl"("en_IN", UTF-8, parsed): using cached since jar:file:/Users/naveenautomationlabs/.m2/repository/com/aventstack/extentreports/5.0.8/extentreports-5.0.8.jar!/com/aventstack/extentreports/templates/spark/partials/log.ftl hasn't changed.
31 Aug 2022 07:43:59,501 TestNG-tests-1 - TemplateLoader.findTemplateSource("spark/partials/dashboard_en_IN.ftl"): Not found
31 Aug 2022 07:43:59,501 TestNG-tests-1 - TemplateLoader.findTemplateSource("spark/partials/dashboard_en.ftl"): Not found
31 Aug 2022 07:43:59,501 TestNG-tests-1 - TemplateLoader.findTemplateSource("spark/partials/dashboard.ftl"): Found
31 Aug 2022 07:43:59,501 TestNG-tests-1 - "spark/partials/dashboard.ftl"("en_IN", UTF-8, parsed): using cached since jar:file:/Users/naveenautomationlabs/.m2/repository/com/aventstack/extentreports/5.0.8/extentreports-5.0.8.jar!/com/aventstack/extentreports/templates/spark/partials/dashboard.ftl hasn't changed.
31 Aug 2022 07:43:59,504 TestNG-tests-1 - TemplateLoader.findTemplateSource("spark/partials/scripts_en_IN.ftl"): Not found
31 Aug 2022 07:43:59,504 TestNG-tests-1 - TemplateLoader.findTemplateSource("spark/partials/scripts_en.ftl"): Not found
31 Aug 2022 07:43:59,504 TestNG-tests-1 - TemplateLoader.findTemplateSource("spark/partials/scripts.ftl"): Found
31 Aug 2022 07:43:59,504 TestNG-tests-1 - "spark/partials/scripts.ftl"("en_IN", UTF-8, parsed): using cached since jar:file:/Users/naveenautomationlabs/.m2/repository/com/aventstack/extentreports/5.0.8/extentreports-5.0.8.jar!/com/aventstack/extentreports/templates/spark/partials/scripts.ftl hasn't changed.
31 Aug 2022 07:43:59,505 TestNG-tests-1 - TemplateLoader.findTemplateSource("commons/commons-inject-js_en_IN.ftl"): Not found
31 Aug 2022 07:43:59,505 TestNG-tests-1 - TemplateLoader.findTemplateSource("commons/commons-inject-js_en.ftl"): Not found
31 Aug 2022 07:43:59,505 TestNG-tests-1 - TemplateLoader.findTemplateSource("commons/commons-inject-js.ftl"): Found
31 Aug 2022 07:43:59,505 TestNG-tests-1 - "commons/commons-inject-js.ftl"("en_IN", UTF-8, parsed): using cached since jar:file:/Users/naveenautomationlabs/.m2/repository/com/aventstack/extentreports/5.0.8/extentreports-5.0.8.jar!/com/aventstack/extentreports/templates/commons/commons-inject-js.ftl hasn't changed.
31 Aug 2022 07:43:59,556 TestNG-tests-2 - By locator is : By.linkText: Samsung SyncMaster 941BW
31 Aug 2022 07:44:00,405 TestNG-tests-2 - By locator is : By.cssSelector: div#content h1
31 Aug 2022 07:44:01,064 TestNG-tests-2 - "spark/spark.spa.ftl"("en_IN", UTF-8, parsed) cached copy not yet stale; using cached.
31 Aug 2022 07:44:01,064 TestNG-tests-2 - "commons/commons-variables.ftl"("en_IN", UTF-8, parsed) cached copy not yet stale; using cached.
31 Aug 2022 07:44:01,064 TestNG-tests-2 - "commons/commons-macros.ftl"("en_IN", UTF-8, parsed) cached copy not yet stale; using cached.
31 Aug 2022 07:44:01,064 TestNG-tests-2 - "spark/macros/attributes.ftl"("en_IN", UTF-8, parsed) cached copy not yet stale; using cached.
31 Aug 2022 07:44:01,064 TestNG-tests-2 - "spark/macros/log.ftl"("en_IN", UTF-8, parsed) cached copy not yet stale; using cached.
31 Aug 2022 07:44:01,064 TestNG-tests-2 - "spark/macros/recurse_nodes.ftl"("en_IN", UTF-8, parsed) cached copy not yet stale; using cached.
31 Aug 2022 07:44:01,064 TestNG-tests-2 - "spark/macros/log.ftl"("en_IN", UTF-8, parsed) cached copy not yet stale; using cached.
31 Aug 2022 07:44:01,064 TestNG-tests-2 - "spark/macros/attr-common.ftl"("en_IN", UTF-8, parsed) cached copy not yet stale; using cached.
31 Aug 2022 07:44:01,064 TestNG-tests-2 - "spark/partials/head.ftl"("en_IN", UTF-8, parsed) cached copy not yet stale; using cached.
31 Aug 2022 07:44:01,064 TestNG-tests-2 - "commons/commons-inject-css.ftl"("en_IN", UTF-8, parsed) cached copy not yet stale; using cached.
31 Aug 2022 07:44:01,064 TestNG-tests-2 - "spark/partials/navbar.ftl"("en_IN", UTF-8, parsed) cached copy not yet stale; using cached.
31 Aug 2022 07:44:01,065 TestNG-tests-2 - "spark/partials/sidenav.ftl"("en_IN", UTF-8, parsed) cached copy not yet stale; using cached.
31 Aug 2022 07:44:01,065 TestNG-tests-2 - "spark/partials/test.ftl"("en_IN", UTF-8, parsed) cached copy not yet stale; using cached.
31 Aug 2022 07:44:01,066 TestNG-tests-2 - "spark/partials/standard-content.ftl"("en_IN", UTF-8, parsed) cached copy not yet stale; using cached.
31 Aug 2022 07:44:01,066 TestNG-tests-2 - "spark/partials/standard-content.ftl"("en_IN", UTF-8, parsed) cached copy not yet stale; using cached.
31 Aug 2022 07:44:01,067 TestNG-tests-2 - "spark/partials/standard-content.ftl"("en_IN", UTF-8, parsed) cached copy not yet stale; using cached.
31 Aug 2022 07:44:01,067 TestNG-tests-2 - "spark/partials/standard-content.ftl"("en_IN", UTF-8, parsed) cached copy not yet stale; using cached.
31 Aug 2022 07:44:01,067 TestNG-tests-2 - "spark/partials/standard-content.ftl"("en_IN", UTF-8, parsed) cached copy not yet stale; using cached.
31 Aug 2022 07:44:01,068 TestNG-tests-2 - "spark/partials/standard-content.ftl"("en_IN", UTF-8, parsed) cached copy not yet stale; using cached.
31 Aug 2022 07:44:01,068 TestNG-tests-2 - "spark/partials/standard-content.ftl"("en_IN", UTF-8, parsed) cached copy not yet stale; using cached.
31 Aug 2022 07:44:01,068 TestNG-tests-2 - "spark/partials/standard-content.ftl"("en_IN", UTF-8, parsed) cached copy not yet stale; using cached.
31 Aug 2022 07:44:01,069 TestNG-tests-2 - "spark/partials/standard-content.ftl"("en_IN", UTF-8, parsed) cached copy not yet stale; using cached.
31 Aug 2022 07:44:01,069 TestNG-tests-2 - "spark/partials/standard-content.ftl"("en_IN", UTF-8, parsed) cached copy not yet stale; using cached.
31 Aug 2022 07:44:01,070 TestNG-tests-2 - "spark/partials/standard-content.ftl"("en_IN", UTF-8, parsed) cached copy not yet stale; using cached.
31 Aug 2022 07:44:01,070 TestNG-tests-2 - "spark/partials/standard-content.ftl"("en_IN", UTF-8, parsed) cached copy not yet stale; using cached.
31 Aug 2022 07:44:01,071 TestNG-tests-2 - "spark/partials/standard-content.ftl"("en_IN", UTF-8, parsed) cached copy not yet stale; using cached.
31 Aug 2022 07:44:01,071 TestNG-tests-2 - "spark/partials/standard-content.ftl"("en_IN", UTF-8, parsed) cached copy not yet stale; using cached.
31 Aug 2022 07:44:01,072 TestNG-tests-2 - "spark/partials/standard-content.ftl"("en_IN", UTF-8, parsed) cached copy not yet stale; using cached.
31 Aug 2022 07:44:01,072 TestNG-tests-2 - "spark/partials/standard-content.ftl"("en_IN", UTF-8, parsed) cached copy not yet stale; using cached.
31 Aug 2022 07:44:01,072 TestNG-tests-2 - "spark/partials/standard-content.ftl"("en_IN", UTF-8, parsed) cached copy not yet stale; using cached.
31 Aug 2022 07:44:01,073 TestNG-tests-2 - "spark/partials/standard-content.ftl"("en_IN", UTF-8, parsed) cached copy not yet stale; using cached.
31 Aug 2022 07:44:01,073 TestNG-tests-2 - "spark/partials/standard-content.ftl"("en_IN", UTF-8, parsed) cached copy not yet stale; using cached.
31 Aug 2022 07:44:01,074 TestNG-tests-2 - "spark/partials/standard-content.ftl"("en_IN", UTF-8, parsed) cached copy not yet stale; using cached.
31 Aug 2022 07:44:01,074 TestNG-tests-2 - "spark/partials/standard-content.ftl"("en_IN", UTF-8, parsed) cached copy not yet stale; using cached.
31 Aug 2022 07:44:01,074 TestNG-tests-2 - "spark/partials/standard-content.ftl"("en_IN", UTF-8, parsed) cached copy not yet stale; using cached.
31 Aug 2022 07:44:01,075 TestNG-tests-2 - "spark/partials/standard-content.ftl"("en_IN", UTF-8, parsed) cached copy not yet stale; using cached.
31 Aug 2022 07:44:01,075 TestNG-tests-2 - "spark/partials/standard-content.ftl"("en_IN", UTF-8, parsed) cached copy not yet stale; using cached.
31 Aug 2022 07:44:01,075 TestNG-tests-2 - "spark/partials/standard-content.ftl"("en_IN", UTF-8, parsed) cached copy not yet stale; using cached.
31 Aug 2022 07:44:01,076 TestNG-tests-2 - "spark/partials/standard-content.ftl"("en_IN", UTF-8, parsed) cached copy not yet stale; using cached.
31 Aug 2022 07:44:01,076 TestNG-tests-2 - "spark/partials/standard-content.ftl"("en_IN", UTF-8, parsed) cached copy not yet stale; using cached.
31 Aug 2022 07:44:01,076 TestNG-tests-2 - "spark/partials/standard-content.ftl"("en_IN", UTF-8, parsed) cached copy not yet stale; using cached.
31 Aug 2022 07:44:01,077 TestNG-tests-2 - "spark/partials/standard-content.ftl"("en_IN", UTF-8, parsed) cached copy not yet stale; using cached.
31 Aug 2022 07:44:01,077 TestNG-tests-2 - "spark/partials/standard-content.ftl"("en_IN", UTF-8, parsed) cached copy not yet stale; using cached.
31 Aug 2022 07:44:01,077 TestNG-tests-2 - "spark/partials/exception.ftl"("en_IN", UTF-8, parsed) cached copy not yet stale; using cached.
31 Aug 2022 07:44:01,077 TestNG-tests-2 - "spark/partials/category.ftl"("en_IN", UTF-8, parsed) cached copy not yet stale; using cached.
31 Aug 2022 07:44:01,079 TestNG-tests-2 - "spark/partials/device.ftl"("en_IN", UTF-8, parsed) cached copy not yet stale; using cached.
31 Aug 2022 07:44:01,079 TestNG-tests-2 - "spark/partials/author.ftl"("en_IN", UTF-8, parsed) cached copy not yet stale; using cached.
31 Aug 2022 07:44:01,079 TestNG-tests-2 - "spark/partials/log.ftl"("en_IN", UTF-8, parsed) cached copy not yet stale; using cached.
31 Aug 2022 07:44:01,079 TestNG-tests-2 - "spark/partials/dashboard.ftl"("en_IN", UTF-8, parsed) cached copy not yet stale; using cached.
31 Aug 2022 07:44:01,081 TestNG-tests-2 - "spark/partials/scripts.ftl"("en_IN", UTF-8, parsed) cached copy not yet stale; using cached.
31 Aug 2022 07:44:01,081 TestNG-tests-2 - "commons/commons-inject-js.ftl"("en_IN", UTF-8, parsed) cached copy not yet stale; using cached.
